-------------------------------------------------------------------------------
Test set: features.EmailTemplateDownload.EmailTemplateDownloadByContentManagerScope
-------------------------------------------------------------------------------
Tests run: 2, Failures: 0, Errors: 1, Skipped: 1, Time elapsed: 4.17 sec <<< FAILURE! - in features.EmailTemplateDownload.EmailTemplateDownloadByContentManagerScope
shouldBeAbleToDownloadEmailTemplateAsOftFromContentManager(features.EmailTemplateDownload.EmailTemplateDownloadByContentManagerScope)  Time elapsed: 4.013 sec  <<< ERROR!
org.openqa.selenium.NoSuchWindowException: no such window: target window already closed
from unknown error: web view not found
  (Session info: chrome=59.0.3071.115)
  (Driver info: chromedriver=2.30.477690 (c53f4ad87510ee97b5c3425a14c0e79780cdf262),platform=Mac OS X 10.12.5 x86_64) (WARNING: The server did not provide any stacktrace information)
Command duration or timeout: 4 milliseconds
Build info: version: '3.4.0', revision: 'unknown', time: 'unknown'
System info: host: 'ashishu-mac.local', ip: 'fe80:0:0:0:1893:370c:2104:de6e%en0', os.name: 'Mac OS X', os.arch: 'x86_64', os.version: '10.12.5', java.version: '1.8.0_131'
Driver info: org.openqa.selenium.chrome.ChromeDriver
Capabilities [{applicationCacheEnabled=false, rotatable=false, mobileEmulationEnabled=false, networkConnectionEnabled=false, chrome={chromedriverVersion=2.30.477690 (c53f4ad87510ee97b5c3425a14c0e79780cdf262), userDataDir=/var/folders/02/d1ztw_p91sjbv6f9n8vlv86809m7zb/T/.org.chromium.Chromium.mZ6s75}, takesHeapSnapshot=true, pageLoadStrategy=normal, databaseEnabled=false, handlesAlerts=true, hasTouchScreen=false, version=59.0.3071.115, platform=MAC, browserConnectionEnabled=false, nativeEvents=true, acceptSslCerts=true, locationContextEnabled=true, webStorageEnabled=true, browserName=chrome, takesScreenshot=true, javascriptEnabled=true, cssSelectorsEnabled=true, unexpectedAlertBehaviour=}]
Session ID: 2fada02ea3974ed7e23db83ff430045f
	at sun.reflect.NativeConstructorAccessorImpl.newInstance0(Native Method)
	at sun.reflect.NativeConstructorAccessorImpl.newInstance(NativeConstructorAccessorImpl.java:62)
	at sun.reflect.DelegatingConstructorAccessorImpl.newInstance(DelegatingConstructorAccessorImpl.java:45)
	at java.lang.reflect.Constructor.newInstance(Constructor.java:423)
	at org.openqa.selenium.remote.ErrorHandler.createThrowable(ErrorHandler.java:215)
	at org.openqa.selenium.remote.ErrorHandler.throwIfResponseFailed(ErrorHandler.java:167)
	at org.openqa.selenium.remote.RemoteWebDriver.execute(RemoteWebDriver.java:671)
	at org.openqa.selenium.remote.RemoteWebDriver.execute(RemoteWebDriver.java:694)
	at org.openqa.selenium.remote.RemoteWebDriver.getPageSource(RemoteWebDriver.java:519)
	at net.thucydides.core.webdriver.WebDriverFacade.getPageSource(WebDriverFacade.java:252)
	at net.serenitybdd.core.photography.PageSourceRecorder.pageSource(PageSourceRecorder.java:35)
	at net.serenitybdd.core.photography.PageSourceRecorder.intoDirectory(PageSourceRecorder.java:26)
	at net.thucydides.core.steps.BaseStepListener.grabScreenshot(BaseStepListener.java:721)
	at net.thucydides.core.steps.BaseStepListener.take(BaseStepListener.java:626)
	at net.thucydides.core.steps.BaseStepListener.takeEndOfStepScreenshotFor(BaseStepListener.java:607)
	at net.thucydides.core.steps.BaseStepListener.stepFailed(BaseStepListener.java:529)
	at net.thucydides.core.steps.StepEventBus.stepFailed(StepEventBus.java:313)
	at net.thucydides.core.steps.StepInterceptor.notifyOfStepFailure(StepInterceptor.java:425)
	at net.thucydides.core.steps.StepInterceptor.logStepFailure(StepInterceptor.java:325)
	at net.thucydides.core.steps.StepInterceptor.runTestStep(StepInterceptor.java:318)
	at net.thucydides.core.steps.StepInterceptor.testStepResult(StepInterceptor.java:130)
	at net.thucydides.core.steps.StepInterceptor.intercept(StepInterceptor.java:57)
	at steps.UserStepsForEmailDownload$$EnhancerByCGLIB$$59337698.isOnStructuredWebHomePage(<generated>)
	at features.EmailTemplateDownload.EmailTemplateDownloadByContentManagerScope.shouldBeAbleToDownloadEmailTemplateAsOftFromContentManager(EmailTemplateDownloadByContentManagerScope.java:94)

